<?xml version="1.0" encoding="UTF-8"?>
<!-- Generated by org.testng.reporters.JUnitReportReporter -->
<testsuite hostname="SUPPORT2" failures="0" tests="2" name="FirstMaven.CrossbrowserTest" time="23.590" errors="0" timestamp="2023-06-07T12:51:32 IST" skipped="0">
  <testcase classname="FirstMaven.CrossbrowserTest" name="citibanklogin" time="13.149"/>
  <system-out/>
  <testcase classname="FirstMaven.CrossbrowserTest" name="citibanklogin" time="10.441"/>
  <system-out/>
</testsuite> <!-- FirstMaven.CrossbrowserTest -->
