<?xml version="1.0" encoding="UTF-8"?>
<!-- Generated by org.testng.reporters.JUnitReportReporter -->
<testsuite hostname="SUPPORT2" failures="0" tests="3" name="FirstMaven.secounfmaven" time="231.291" errors="0" timestamp="2023-06-13T13:24:43 IST" skipped="0">
  <testcase classname="FirstMaven.secounfmaven" name="ScriptNameNecklace" time="119.441"/>
  <system-out/>
  <testcase classname="FirstMaven.secounfmaven" name="ScriptBlockNameNecklace" time="55.204"/>
  <system-out/>
  <testcase classname="FirstMaven.secounfmaven" name="SpaceNameNecklace" time="56.646"/>
  <system-out/>
</testsuite> <!-- FirstMaven.secounfmaven -->
